  mySystemApp_draw.cpp
C:\Users\ericp\Desktop\OOP\OOP_hw01_202202\OOP_HW01_NET2019_202202_Template_Student\OOP_HW01_NET2019_202202_Template_Student\inc\GL\gl.h(1,1): warning C4819: 檔案含有無法在目前字碼頁 (950) 中表示的字元。請以 Unicode 格式儲存檔案以防止資料遺失
C:\Users\ericp\Desktop\OOP\OOP_hw01_202202\OOP_HW01_NET2019_202202_Template_Student\OOP_HW01_NET2019_202202_Template_Student\inc\GL\gl.h(1,1): warning C4819: 檔案含有無法在目前字碼頁 (950) 中表示的字元。請以 Unicode 格式儲存檔案以防止資料遺失
C:\Users\ericp\Desktop\OOP\OOP_hw01_202202\OOP_HW01_NET2019_202202_Template_Student\OOP_HW01_NET2019_202202_Template_Student\primitives\vector3d.h(24,61): warning C4244: 'return': 將 'double' 轉換為 'float'，由於類型不同，可能導致資料遺失
C:\Users\ericp\Desktop\OOP\OOP_hw01_202202\OOP_HW01_NET2019_202202_Template_Student\OOP_HW01_NET2019_202202_Template_Student\00_StudentWork\00_SimpleInteractiveSystem\mySystemApp_draw.cpp(78,10): warning C4244: '正在初始化': 將 'double' 轉換為 'float'，由於類型不同，可能導致資料遺失
C:\Users\ericp\Desktop\OOP\OOP_hw01_202202\OOP_HW01_NET2019_202202_Template_Student\OOP_HW01_NET2019_202202_Template_Student\00_StudentWork\00_SimpleInteractiveSystem\mySystemApp_draw.cpp(88,11): warning C4244: '正在初始化': 將 'double' 轉換為 'float'，由於類型不同，可能導致資料遺失
C:\Users\ericp\Desktop\OOP\OOP_hw01_202202\OOP_HW01_NET2019_202202_Template_Student\OOP_HW01_NET2019_202202_Template_Student\00_StudentWork\00_SimpleInteractiveSystem\mySystemApp_draw.cpp(107,29): warning C4305: '引數': 從 'double' 轉換為 'GLfloat'，是由較大的類型轉換為較小的類型，可能導致資料遺失
C:\Users\ericp\Desktop\OOP\OOP_hw01_202202\OOP_HW01_NET2019_202202_Template_Student\OOP_HW01_NET2019_202202_Template_Student\00_StudentWork\00_SimpleInteractiveSystem\mySystemApp_draw.cpp(116,25): warning C4305: '引數': 從 'double' 轉換為 'GLfloat'，是由較大的類型轉換為較小的類型，可能導致資料遺失
C:\Users\ericp\Desktop\OOP\OOP_hw01_202202\OOP_HW01_NET2019_202202_Template_Student\OOP_HW01_NET2019_202202_Template_Student\00_StudentWork\00_SimpleInteractiveSystem\mySystemApp_draw.cpp(125,10): warning C4244: '=': 將 'double' 轉換為 'float'，由於類型不同，可能導致資料遺失
C:\Users\ericp\Desktop\OOP\OOP_hw01_202202\OOP_HW01_NET2019_202202_Template_Student\OOP_HW01_NET2019_202202_Template_Student\00_StudentWork\00_SimpleInteractiveSystem\mySystemApp_draw.cpp(126,43): warning C4244: '=': 將 'double' 轉換為 'float'，由於類型不同，可能導致資料遺失
C:\Users\ericp\Desktop\OOP\OOP_hw01_202202\OOP_HW01_NET2019_202202_Template_Student\OOP_HW01_NET2019_202202_Template_Student\00_StudentWork\00_SimpleInteractiveSystem\mySystemApp_draw.cpp(135,25): warning C4305: '引數': 從 'double' 轉換為 'GLfloat'，是由較大的類型轉換為較小的類型，可能導致資料遺失
C:\Users\ericp\Desktop\OOP\OOP_hw01_202202\OOP_HW01_NET2019_202202_Template_Student\OOP_HW01_NET2019_202202_Template_Student\00_StudentWork\00_SimpleInteractiveSystem\mySystemApp_draw.cpp(144,10): warning C4244: '=': 將 'double' 轉換為 'float'，由於類型不同，可能導致資料遺失
C:\Users\ericp\Desktop\OOP\OOP_hw01_202202\OOP_HW01_NET2019_202202_Template_Student\OOP_HW01_NET2019_202202_Template_Student\00_StudentWork\00_SimpleInteractiveSystem\mySystemApp_draw.cpp(145,38): warning C4244: '=': 將 'double' 轉換為 'float'，由於類型不同，可能導致資料遺失
C:\Users\ericp\Desktop\OOP\OOP_hw01_202202\OOP_HW01_NET2019_202202_Template_Student\OOP_HW01_NET2019_202202_Template_Student\00_StudentWork\00_SimpleInteractiveSystem\mySystemApp_draw.cpp(151,25): warning C4305: '引數': 從 'double' 轉換為 'GLfloat'，是由較大的類型轉換為較小的類型，可能導致資料遺失
C:\Users\ericp\Desktop\OOP\OOP_hw01_202202\OOP_HW01_NET2019_202202_Template_Student\OOP_HW01_NET2019_202202_Template_Student\00_StudentWork\00_SimpleInteractiveSystem\mySystemApp_draw.cpp(158,10): warning C4244: '=': 將 'double' 轉換為 'float'，由於類型不同，可能導致資料遺失
C:\Users\ericp\Desktop\OOP\OOP_hw01_202202\OOP_HW01_NET2019_202202_Template_Student\OOP_HW01_NET2019_202202_Template_Student\00_StudentWork\00_SimpleInteractiveSystem\mySystemApp_draw.cpp(159,38): warning C4244: '=': 將 'double' 轉換為 'float'，由於類型不同，可能導致資料遺失
C:\Users\ericp\Desktop\OOP\OOP_hw01_202202\OOP_HW01_NET2019_202202_Template_Student\OOP_HW01_NET2019_202202_Template_Student\00_StudentWork\00_SimpleInteractiveSystem\mySystemApp_draw.cpp(174,26): warning C4244: '引數': 將 'double' 轉換為 'GLfloat'，由於類型不同，可能導致資料遺失
C:\Users\ericp\Desktop\OOP\OOP_hw01_202202\OOP_HW01_NET2019_202202_Template_Student\OOP_HW01_NET2019_202202_Template_Student\00_StudentWork\00_SimpleInteractiveSystem\mySystemApp_draw.cpp(174,41): warning C4305: '引數': 從 'double' 轉換為 'GLfloat'，是由較大的類型轉換為較小的類型，可能導致資料遺失
C:\Users\ericp\Desktop\OOP\OOP_hw01_202202\OOP_HW01_NET2019_202202_Template_Student\OOP_HW01_NET2019_202202_Template_Student\00_StudentWork\00_SimpleInteractiveSystem\mySystemApp_draw.cpp(176,9): warning C4244: '=': 將 'int' 轉換為 'float'，由於類型不同，可能導致資料遺失
C:\Users\ericp\Desktop\OOP\OOP_hw01_202202\OOP_HW01_NET2019_202202_Template_Student\OOP_HW01_NET2019_202202_Template_Student\00_StudentWork\00_SimpleInteractiveSystem\mySystemApp_draw.cpp(182,60): warning C4244: '=': 將 'int' 轉換為 'float'，由於類型不同，可能導致資料遺失
C:\Program Files (x86)\Microsoft Visual Studio\2019\Community\MSBuild\Microsoft\VC\v160\Microsoft.CppBuild.targets(1363,5): warning MSB8012: TargetPath(C:\Users\ericp\Desktop\OOP\OOP_hw01_202202\OOP_HW01_NET2019_202202_Template_Student\OOP_HW01_NET2019_202202_Template_Student\Release\myFirstSystem.exe) 與 Linker 的 OutputFile 屬性值 (C:\Users\ericp\Desktop\OOP\OOP_hw01_202202\OOP_HW01_NET2019_202202_Template_Student\OOP_HW01_NET2019_202202_Template_Student\bin\Release\enjoy_programming.exe) 不相符。這可能會導致您的專案建置不正確。若要改正這種情況，請確認 $(OutDir)、$(TargetName) 和 $(TargetExt) 屬性值必須與 %(Link.OutputFile) 中指定的值相符。
C:\Program Files (x86)\Microsoft Visual Studio\2019\Community\MSBuild\Microsoft\VC\v160\Microsoft.CppBuild.targets(1365,5): warning MSB8012: TargetName(myFirstSystem) 與 Linker 的 OutputFile 屬性值 (enjoy_programming) 不相符。這可能會導致您的專案建置不正確。若要改正這種情況，請確認 $(OutDir)、$(TargetName) 和 $(TargetExt) 屬性值必須與 %(Link.OutputFile) 中指定的值相符。
  正在產生程式碼
  已完成程式碼產生
  0 of 504 functions ( 0.0%) were compiled, the rest were copied from previous compilation.
    0 functions were new in current compilation
    0 functions had inline decision re-evaluated but remain unchanged
  asm.vcxproj -> C:\Users\ericp\Desktop\OOP\OOP_hw01_202202\OOP_HW01_NET2019_202202_Template_Student\OOP_HW01_NET2019_202202_Template_Student\Release\myFirstSystem.exe
